0101010011100101 54e5 21733 || 0 0 1 || xxxxxxxxxxxxxxxx xxxx     x || xxxxxxxxxxxxxxxx xxxx     x || 3244 xxxx
0101010011100101 54e5 21733 || 0 0 1 || xxxxxxxxxxxxxxxx xxxx     x || xxxxxxxxxxxxxxxx xxxx     x || 3244 xxxx
0101010011100101 54e5 21733 || 0 0 1 || xxxxxxxxxxxxxxxx xxxx     x || xxxxxxxxxxxxxxxx xxxx     x || 3244 xxxx
0101010011100101 54e5 21733 || 0 1 1 || xxxxxxxxxxxxxxxx xxxx     x || xxxxxxxxxxxxxxxx xxxx     x || 3244 xxxx
0101010011100101 54e5 21733 || 0 1 1 || 0100000000000001 4001 16385 || 1111111111111111 ffff 65535 || 3244 22a1
0101010011100101 54e5 21733 || 0 1 1 || 0100000000000001 4001 16385 || 1111111111111111 ffff 65535 || 3244 22a1
0101010011100101 54e5 21733 || 0 1 1 || 0100000000000001 4001 16385 || 1111111111111111 ffff 65535 || 3244 22a1
0101010011100101 54e5 21733 || 0 0 1 || 0100000000000001 4001 16385 || 1111111111111111 ffff 65535 || 3244 22a1
0101010011100101 54e5 21733 || 1 0 0 || 0100000000000001 4001 16385 || 1111111111111111 ffff 65535 || 1dac 22a1
0101010011100101 54e5 21733 || 1 0 0 || 0100000000000001 4001 16385 || 1111111111111111 ffff 65535 || 1dac 22a1
0101010011100101 54e5 21733 || 1 0 0 || 0100000000000001 4001 16385 || 1111111111111111 ffff 65535 || 1dac 22a1
0101010011100101 54e5 21733 || 1 1 0 || 0100000000000001 4001 16385 || 1111111111111111 ffff 65535 || 1dac 22a1
0101010011100101 54e5 21733 || 1 1 0 || 0100000000000001 4001 16385 || 0010000000000000 2000  8192 || 1dac 04f5
0101010011100101 54e5 21733 || 1 1 0 || 0100000000000001 4001 16385 || 0010000000000000 2000  8192 || 1dac 04f5
0101010011100101 54e5 21733 || 1 1 0 || 0100000000000001 4001 16385 || 0010000000000000 2000  8192 || 1dac 04f5
0101010011100101 54e5 21733 || 1 0 0 || 0100000000000001 4001 16385 || 0010000000000000 2000  8192 || 1dac 04f5
0101010011100101 54e5 21733 || 2 0 0 || 0100000000000001 4001 16385 || 0010000000000000 2000  8192 || 0fae 04f5
0101010011100101 54e5 21733 || 2 0 0 || 0100000000000001 4001 16385 || 0010000000000000 2000  8192 || 0fae 04f5
0101010011100101 54e5 21733 || 2 0 0 || 0100000000000001 4001 16385 || 0010000000000000 2000  8192 || 0fae 04f5
0101010011100101 54e5 21733 || 2 1 0 || 0100000000000001 4001 16385 || 0010000000000000 2000  8192 || 0fae 04f5
0101010011100101 54e5 21733 || 2 1 0 || 0100100000000010 4802 18434 || 0000111111111111 0fff  4095 || 0fae f547
0101010011100101 54e5 21733 || 2 1 0 || 0100100000000010 4802 18434 || 0000111111111111 0fff  4095 || 0fae f547
0101010011100101 54e5 21733 || 2 1 0 || 0100100000000010 4802 18434 || 0000111111111111 0fff  4095 || 0fae f547
0101010011100101 54e5 21733 || 2 0 0 || 0100100000000010 4802 18434 || 0000111111111111 0fff  4095 || 0fae f547
0101010011100101 54e5 21733 || 3 0 0 || 0100100000000010 4802 18434 || 0000111111111111 0fff  4095 || 07f5 f547
0101010011100101 54e5 21733 || 3 0 0 || 0100100000000010 4802 18434 || 0000111111111111 0fff  4095 || 07f5 f547
0101010011100101 54e5 21733 || 3 0 0 || 0100100000000010 4802 18434 || 0000111111111111 0fff  4095 || 07f5 f547
0101010011100101 54e5 21733 || 3 1 0 || 0100100000000010 4802 18434 || 0000111111111111 0fff  4095 || 07f5 f547
0101010011100101 54e5 21733 || 3 1 0 || 0100101000000010 4a02 18946 || 0000011011111110 06fe  1790 || 07f5 fd3c
0101010011100101 54e5 21733 || 3 1 0 || 0100101000000010 4a02 18946 || 0000011011111110 06fe  1790 || 07f5 fd3c
0101010011100101 54e5 21733 || 3 1 0 || 0100101000000010 4a02 18946 || 0000011011111110 06fe  1790 || 07f5 fd3c
0101010011100101 54e5 21733 || 3 0 0 || 0100101000000010 4a02 18946 || 0000011011111110 06fe  1790 || 07f5 fd3c
0101010011100101 54e5 21733 || 4 0 0 || 0100101000000010 4a02 18946 || 0000011011111110 06fe  1790 || 03ff fd3c
0101010011100101 54e5 21733 || 4 0 0 || 0100101000000010 4a02 18946 || 0000011011111110 06fe  1790 || 03ff fd3c
0101010011100101 54e5 21733 || 4 0 0 || 0100101000000010 4a02 18946 || 0000011011111110 06fe  1790 || 03ff fd3c
0101010011100101 54e5 21733 || 4 1 0 || 0100101000000010 4a02 18946 || 0000011011111110 06fe  1790 || 03ff fd3c
0101010011100101 54e5 21733 || 4 1 0 || 0100101001110010 4a72 19058 || 0000001001011101 025d   605 || 03ff 013b
0101010011100101 54e5 21733 || 4 1 0 || 0100101001110010 4a72 19058 || 0000001001011101 025d   605 || 03ff 013b
0101010011100101 54e5 21733 || 4 1 0 || 0100101001110010 4a72 19058 || 0000001001011101 025d   605 || 03ff 013b
0101010011100101 54e5 21733 || 4 0 0 || 0100101001110010 4a72 19058 || 0000001001011101 025d   605 || 03ff 013b
0101010011100101 54e5 21733 || 5 0 0 || 0100101001110010 4a72 19058 || 0000001001011101 025d   605 || 0200 013b
0101010011100101 54e5 21733 || 5 0 0 || 0100101001110010 4a72 19058 || 0000001001011101 025d   605 || 0200 013b
0101010011100101 54e5 21733 || 5 0 0 || 0100101001110010 4a72 19058 || 0000001001011101 025d   605 || 0200 013b
0101010011100101 54e5 21733 || 5 1 0 || 0100101001110010 4a72 19058 || 0000001001011101 025d   605 || 0200 013b
0101010011100101 54e5 21733 || 5 1 0 || 0100101010000101 4a85 19077 || 0000000000001001 0009     9 || 0200 ff3b
0101010011100101 54e5 21733 || 5 1 0 || 0100101010000101 4a85 19077 || 0000000000001001 0009     9 || 0200 ff3b
0101010011100101 54e5 21733 || 5 1 0 || 0100101010000101 4a85 19077 || 0000000000001001 0009     9 || 0200 ff3b
0101010011100101 54e5 21733 || 5 0 0 || 0100101010000101 4a85 19077 || 0000000000001001 0009     9 || 0200 ff3b
0101010011100101 54e5 21733 || 6 0 0 || 0100101010000101 4a85 19077 || 0000000000001001 0009     9 || 0100 ff3b
0101010011100101 54e5 21733 || 6 0 0 || 0100101010000101 4a85 19077 || 0000000000001001 0009     9 || 0100 ff3b
0101010011100101 54e5 21733 || 6 0 0 || 0100101010000101 4a85 19077 || 0000000000001001 0009     9 || 0100 ff3b
0101010011100101 54e5 21733 || 6 1 0 || 0100101010000101 4a85 19077 || 0000000000001001 0009     9 || 0100 ff3b
0101010011100101 54e5 21733 || 6 1 0 || 0100101010000110 4a86 19078 || 1111111011011110 fede 65246 || 0100 003b
0101010011100101 54e5 21733 || 6 1 0 || 0100101010000110 4a86 19078 || 1111111011011110 fede 65246 || 0100 003b
0101010011100101 54e5 21733 || 6 1 0 || 0100101010000110 4a86 19078 || 1111111011011110 fede 65246 || 0100 003b
0101010011100101 54e5 21733 || 6 0 0 || 0100101010000110 4a86 19078 || 1111111011011110 fede 65246 || 0100 003b
0101010011100101 54e5 21733 || 7 0 0 || 0100101010000110 4a86 19078 || 1111111011011110 fede 65246 || 0080 003b
0101010011100101 54e5 21733 || 7 0 0 || 0100101010000110 4a86 19078 || 1111111011011110 fede 65246 || 0080 003b
0101010011100101 54e5 21733 || 7 0 0 || 0100101010000110 4a86 19078 || 1111111011011110 fede 65246 || 0080 003b
0101010011100101 54e5 21733 || 7 1 0 || 0100101010000110 4a86 19078 || 1111111011011110 fede 65246 || 0080 003b
0101010011100101 54e5 21733 || 7 1 0 || 0100101010001000 4a88 19080 || 1111111101110100 ff74 65396 || 0080 ffbb
0101010011100101 54e5 21733 || 7 1 0 || 0100101010001000 4a88 19080 || 1111111101110100 ff74 65396 || 0080 ffbb
0101010011100101 54e5 21733 || 7 1 0 || 0100101010001000 4a88 19080 || 1111111101110100 ff74 65396 || 0080 ffbb
0101010011100101 54e5 21733 || 7 0 0 || 0100101010001000 4a88 19080 || 1111111101110100 ff74 65396 || 0080 ffbb
0101010011100101 54e5 21733 || 8 0 0 || 0100101010001000 4a88 19080 || 1111111101110100 ff74 65396 || 0040 ffbb
0101010011100101 54e5 21733 || 8 0 0 || 0100101010001000 4a88 19080 || 1111111101110100 ff74 65396 || 0040 ffbb
0101010011100101 54e5 21733 || 8 0 0 || 0100101010001000 4a88 19080 || 1111111101110100 ff74 65396 || 0040 ffbb
0101010011100101 54e5 21733 || 8 1 0 || 0100101010001000 4a88 19080 || 1111111101110100 ff74 65396 || 0040 ffbb
0101010011100101 54e5 21733 || 8 1 0 || 0100101010001000 4a88 19080 || 1111111110111111 ffbf 65471 || 0040 fffb
0101010011100101 54e5 21733 || 8 1 0 || 0100101010001000 4a88 19080 || 1111111110111111 ffbf 65471 || 0040 fffb
0101010011100101 54e5 21733 || 8 1 0 || 0100101010001000 4a88 19080 || 1111111110111111 ffbf 65471 || 0040 fffb
0101010011100101 54e5 21733 || 8 0 0 || 0100101010001000 4a88 19080 || 1111111110111111 ffbf 65471 || 0040 fffb
0101010011100101 54e5 21733 || 9 0 0 || 0100101010001000 4a88 19080 || 1111111110111111 ffbf 65471 || 0020 fffb
0101010011100101 54e5 21733 || 9 0 0 || 0100101010001000 4a88 19080 || 1111111110111111 ffbf 65471 || 0020 fffb
0101010011100101 54e5 21733 || 9 0 0 || 0100101010001000 4a88 19080 || 1111111110111111 ffbf 65471 || 0020 fffb
0101010011100101 54e5 21733 || 9 1 0 || 0100101010001000 4a88 19080 || 1111111110111111 ffbf 65471 || 0020 fffb
0101010011100101 54e5 21733 || 9 1 0 || 0100101010001000 4a88 19080 || 1111111111100101 ffe5 65509 || 0020 001b
0101010011100101 54e5 21733 || 9 1 0 || 0100101010001000 4a88 19080 || 1111111111100101 ffe5 65509 || 0020 001b
0101010011100101 54e5 21733 || 9 1 0 || 0100101010001000 4a88 19080 || 1111111111100101 ffe5 65509 || 0020 001b
0101010011100101 54e5 21733 || 9 0 0 || 0100101010001000 4a88 19080 || 1111111111100101 ffe5 65509 || 0020 001b
0101010011100101 54e5 21733 || a 0 0 || 0100101010001000 4a88 19080 || 1111111111100101 ffe5 65509 || 0010 001b
0101010011100101 54e5 21733 || a 0 0 || 0100101010001000 4a88 19080 || 1111111111100101 ffe5 65509 || 0010 001b
0101010011100101 54e5 21733 || a 0 0 || 0100101010001000 4a88 19080 || 1111111111100101 ffe5 65509 || 0010 001b
0101010011100101 54e5 21733 || a 1 0 || 0100101010001000 4a88 19080 || 1111111111100101 ffe5 65509 || 0010 001b
0101010011100101 54e5 21733 || a 1 0 || 0100101010001000 4a88 19080 || 1111111111111000 fff8 65528 || 0010 000b
0101010011100101 54e5 21733 || a 1 0 || 0100101010001000 4a88 19080 || 1111111111111000 fff8 65528 || 0010 000b
0101010011100101 54e5 21733 || a 1 0 || 0100101010001000 4a88 19080 || 1111111111111000 fff8 65528 || 0010 000b
0101010011100101 54e5 21733 || a 0 0 || 0100101010001000 4a88 19080 || 1111111111111000 fff8 65528 || 0010 000b
0101010011100101 54e5 21733 || b 0 0 || 0100101010001000 4a88 19080 || 1111111111111000 fff8 65528 || 0008 000b
0101010011100101 54e5 21733 || b 0 0 || 0100101010001000 4a88 19080 || 1111111111111000 fff8 65528 || 0008 000b
0101010011100101 54e5 21733 || b 0 0 || 0100101010001000 4a88 19080 || 1111111111111000 fff8 65528 || 0008 000b
0101010011100101 54e5 21733 || b 1 0 || 0100101010001000 4a88 19080 || 1111111111111000 fff8 65528 || 0008 000b
0101010011100101 54e5 21733 || b 1 0 || 0100101010001000 4a88 19080 || 0000000000000010 0002     2 || 0008 0003
0101010011100101 54e5 21733 || b 1 0 || 0100101010001000 4a88 19080 || 0000000000000010 0002     2 || 0008 0003
0101010011100101 54e5 21733 || b 1 0 || 0100101010001000 4a88 19080 || 0000000000000010 0002     2 || 0008 0003
0101010011100101 54e5 21733 || b 0 0 || 0100101010001000 4a88 19080 || 0000000000000010 0002     2 || 0008 0003
0101010011100101 54e5 21733 || c 0 0 || 0100101010001000 4a88 19080 || 0000000000000010 0002     2 || 0004 0003
0101010011100101 54e5 21733 || c 0 0 || 0100101010001000 4a88 19080 || 0000000000000010 0002     2 || 0004 0003
0101010011100101 54e5 21733 || c 0 0 || 0100101010001000 4a88 19080 || 0000000000000010 0002     2 || 0004 0003
0101010011100101 54e5 21733 || c 1 0 || 0100101010001000 4a88 19080 || 0000000000000010 0002     2 || 0004 0003
0101010011100101 54e5 21733 || c 1 0 || 0100101010001001 4a89 19081 || 1111111111111101 fffd 65533 || 0004 ffff
0101010011100101 54e5 21733 || c 1 0 || 0100101010001001 4a89 19081 || 1111111111111101 fffd 65533 || 0004 ffff
0101010011100101 54e5 21733 || c 1 0 || 0100101010001001 4a89 19081 || 1111111111111101 fffd 65533 || 0004 ffff
0101010011100101 54e5 21733 || c 0 0 || 0100101010001001 4a89 19081 || 1111111111111101 fffd 65533 || 0004 ffff
0101010011100101 54e5 21733 || d 0 0 || 0100101010001001 4a89 19081 || 1111111111111101 fffd 65533 || 0002 ffff
0101010011100101 54e5 21733 || d 0 0 || 0100101010001001 4a89 19081 || 1111111111111101 fffd 65533 || 0002 ffff
0101010011100101 54e5 21733 || d 0 0 || 0100101010001001 4a89 19081 || 1111111111111101 fffd 65533 || 0002 ffff
0101010011100101 54e5 21733 || d 1 0 || 0100101010001001 4a89 19081 || 1111111111111101 fffd 65533 || 0002 ffff
0101010011100101 54e5 21733 || d 1 0 || 0100101010001001 4a89 19081 || 0000000000000000 0000     0 || 0002 0001
0101010011100101 54e5 21733 || d 1 0 || 0100101010001001 4a89 19081 || 0000000000000000 0000     0 || 0002 0001
0101010011100101 54e5 21733 || d 1 0 || 0100101010001001 4a89 19081 || 0000000000000000 0000     0 || 0002 0001
0101010011100101 54e5 21733 || d 0 0 || 0100101010001001 4a89 19081 || 0000000000000000 0000     0 || 0002 0001
0101010011100101 54e5 21733 || e 0 0 || 0100101010001001 4a89 19081 || 0000000000000000 0000     0 || 0001 0001
0101010011100101 54e5 21733 || e 0 0 || 0100101010001001 4a89 19081 || 0000000000000000 0000     0 || 0001 0001
0101010011100101 54e5 21733 || e 0 0 || 0100101010001001 4a89 19081 || 0000000000000000 0000     0 || 0001 0001
0101010011100101 54e5 21733 || e 1 0 || 0100101010001001 4a89 19081 || 0000000000000000 0000     0 || 0001 0001
0101010011100101 54e5 21733 || e 1 0 || 0100101010001010 4a8a 19082 || 1111111111111110 fffe 65534 || 0001 0000
0101010011100101 54e5 21733 || e 1 0 || 0100101010001010 4a8a 19082 || 1111111111111110 fffe 65534 || 0001 0000
0101010011100101 54e5 21733 || e 1 0 || 0100101010001010 4a8a 19082 || 1111111111111110 fffe 65534 || 0001 0000
0101010011100101 54e5 21733 || e 0 0 || 0100101010001010 4a8a 19082 || 1111111111111110 fffe 65534 || 0001 0000
0101010011100101 54e5 21733 || f 0 0 || 0100101010001010 4a8a 19082 || 1111111111111110 fffe 65534 || 0000 0000
0101010011100101 54e5 21733 || f 0 0 || 0100101010001010 4a8a 19082 || 1111111111111110 fffe 65534 || 0000 0000
0101010011100101 54e5 21733 || f 0 0 || 0100101010001010 4a8a 19082 || 1111111111111110 fffe 65534 || 0000 0000
0101010011100101 54e5 21733 || f 1 0 || 0100101010001010 4a8a 19082 || 1111111111111110 fffe 65534 || 0000 0000
