0772 0b2 || 0052d44 0052d44 1
6e10 530 || 23af300 23af300 1
e7b5 db6 || 0379bae 0379bae 1
cb14 cdf || 0a5966c 0a5966c 1
aebb beb || 14bbea9 14bbea9 1
4441 040 || 0111040 0111040 1
f18a 303 || fd4729e fd4729e 1
55fc 45d || 1772c8c 1772c8c 1
c21d a6a || 159b202 159b202 1
b116 53f || e62026a e62026a 1
7623 5a8 || 29c35f8 29c35f8 1
ae90 425 || eae7ad0 eae7ad0 1
cf82 15b || fbe4536 fbe4536 1
e1f2 731 || f27dd52 f27dd52 1
6bcd 664 || 2b0ea14 2b0ea14 1
e82b 6ea || f5b394e f5b394e 1
0a91 1f6 || 014b856 014b856 1
2496 855 || ee775ce ee775ce 1
2076 6b8 || 0da18d0 0da18d0 1
0c14 b81 || fc9b214 fc9b214 1
3377 eed || fc8b72b fc8b72b 1
a982 bd9 || 1672532 1672532 1
5014 87d || da679c4 da679c4 1
7b8c 74b || 3850604 3850604 1
677c d70 || ef6d240 ef6d240 1
5ea0 f4c || fbd7780 fbd7780 1
8561 a9d || 294867d 294867d 1
531d b16 || e67937e e67937e 1
3fb9 572 || 15afd62 15afd62 1
4093 245 || 0928d9f 0928d9f 1
264e 135 || 02e3c26 02e3c26 1
87e6 a78 || 2984fd0 2984fd0 1
97d7 d67 || 10e9281 10e9281 1
7763 d05 || e9c2bef e9c2bef 1
8aa8 bc1 || 1f240a8 1f240a8 1
a0bf b88 || 1a9aa78 1a9aa78 1
beac 6cc || e43f910 e43f910 1
744c d0c || ea88f90 ea88f90 1
bbb9 973 || 1bf451b 1bf451b 1
1dfa 71c || 0d51d58 0d51d58 1
9393 af7 || 221f0d5 221f0d5 1
9b8a af5 || 1fa9f12 1fa9f12 1
c974 c40 || 0cc8d00 0cc8d00 1
3da9 d2e || f52195e f52195e 1
beba 0d9 || fc8abaa fc8abaa 1
ddbb 45e || f6a56aa f6a56aa 1
a125 704 || d668794 d668794 1
6f2f 394 || 18dd42c 18dd42c 1
2b66 4ee || 0d5f0d4 0d5f0d4 1
7a37 1b5 || 0d09fe3 0d09fe3 1
0670 6ad || 02af9b0 02af9b0 1
b302 6f7 || de7c2ee de7c2ee 1
c698 a81 || 13b8298 13b8298 1
e35a d51 || 04ce17a 04ce17a 1
0ba2 2f7 || 0227d4e 0227d4e 1
de70 3ae || f848020 f848020 1
e4d8 f5d || 0114a78 0114a78 1
da75 55e || f367ff6 f367ff6 1
423e 414 || 10e24d8 10e24d8 1
3bea 1d3 || 06d4bde 06d4bde 1
94a8 f01 || 06aeca8 06aeca8 1
133e 132 || 017001c 017001c 1
db22 a40 || 0d3fc80 0d3fc80 1
a069 6e7 || d6c34bf d6c34bf 1
e2ad 90f || 0cb8d23 0cb8d23 1
e681 7b8 || f3b33b8 f3b33b8 1
01f7 339 || 00654ff 00654ff 1
f5ee 3a2 || fdb6a9c fdb6a9c 1
513c 922 || dd225f8 dd225f8 1
08fc ca1 || fe1b67c fe1b67c 1
4236 58c || 16f4388 16f4388 1
ae9c afa || 198dc58 198dc58 1
a596 534 || e299078 e299078 1
bab5 473 || ecbb34f ecbb34f 1
6c56 374 || 17618f8 17618f8 1
24ee 739 || 10abafe 10abafe 1
e35f 5c9 || f5a6097 f5a6097 1
a78a 647 || dd4b346 dd4b346 1
0a8f d67 || fe49289 fe49289 1
1b40 d3e || fb4d980 fb4d980 1
f0ca c54 || 037da48 037da48 1
2b83 591 || 0f23433 0f23433 1
5ab5 ab9 || e214ecd e214ecd 1
065d 587 || 0232c0b 0232c0b 1
70e1 ed8 || f7d7bd8 f7d7bd8 1
ce07 67a || ebc5956 ebc5956 1
60ff b4d || e3831b3 e3831b3 1
6ad8 b16 || df2f690 df2f690 1
b1b7 0de || fbc1cb2 fbc1cb2 1
3c3e b59 || ee7bb8e ee7bb8e 1
a605 91a || 26cb982 26cb982 1
9a17 7b9 || cecfb9f cecfb9f 1
a268 2cb || efa9878 efa9878 1
f33c 72e || fa458c8 fa458c8 1
a8eb 0c7 || fbc4ead fbc4ead 1
cf12 255 || f8de4fa f8de4fa 1
930f 022 || ff187fe ff187fe 1
30f5 fe8 || ffb6908 ffb6908 1
6a8c 552 || 236dcd8 236dcd8 1
0788 78a || 038c750 038c750 1
3063 d19 || f7390ab f7390ab 1
4cab 4d1 || 171439b 171439b 1
05c3 fdc || fff3094 fff3094 1
5df5 4c0 || 1be4bc0 1be4bc0 1
cd50 103 || fccb7f0 fccb7f0 1
b106 e18 || 0968c90 0968c90 1
8447 75b || c71f63d c71f63d 1
1c1f 864 || f2a041c f2a041c 1
d96c 3ca || f6dd338 f6dd338 1
4d68 438 || 1468ec0 1468ec0 1
56ad faf || fe49343 fe49343 1
3b3c fa9 || febde9c febde9c 1
1321 e64 || fe136e4 fe136e4 1
3f7b ef7 || fbe49ad fbe49ad 1
3323 930 || ea3a190 ea3a190 1
53f7 63d || 20bcbdb 20bcbdb 1
a2f4 a5f || 20bc08c 20bc08c 1
0afd 08e || 0061856 0061856 1
aa6e 137 || f980ba2 f980ba2 1
7985 655 || 3017729 3017729 1
a1ca 2e8 || eee3310 eee3310 1
cd59 ff3 || 002927b 002927b 1
b06c 91f || 2236914 2236914 1
6c80 cd5 || ea84680 ea84680 1
37a9 d80 || f74d980 f74d980 1
9b1c 6fe || d3e8dc8 d3e8dc8 1
b70b 1cb || f7d30b9 f7d30b9 1
6813 556 || 22b5562 22b5562 1
80f1 5c2 || d246ba2 d246ba2 1
336d 06a || 0154b22 0154b22 1
dc03 f16 || 020e542 020e542 1
2a57 410 || 0ac0170 0ac0170 1
b733 080 || fdb9980 fdb9980 1
0f6f 481 || 04582ef 04582ef 1
2d8a 524 || 0ea1968 0ea1968 1
0a46 88a || fb359bc fb359bc 1
f0ad 1de || fe36306 fe36306 1
af1c d70 || 0cf4840 0cf4840 1
6873 a51 || dae5a63 dae5a63 1
03f6 9ad || fe6f33e fe6f33e 1
8b1f ee3 || 0821e7d 0821e7d 1
c1bb bd6 || 1034b52 1034b52 1
18a7 8af || f4ba229 f4ba229 1
279f 303 || 07753dd 07753dd 1
dcee 327 || f917242 f917242 1
d8e2 bd5 || 0a30a0a 0a30a0a 1
18d7 646 || 09bd4ca 09bd4ca 1
66c7 16f || 0935749 0935749 1
a9aa 686 || dcccafc dcccafc 1
acdb 82a || 28b83ee 28b83ee 1
06fa 209 || 00e32ca 00e32ca 1
7a27 e90 || f5067f0 f5067f0 1
bf1f 602 || e7a383e e7a383e 1
f6ff b1e || 02bf6e2 02bf6e2 1
b94c 325 || f21abfc f21abfc 1
5c8a 44c || 18da0f8 18da0f8 1
520e 1a8 || 087e730 087e730 1
ce68 574 || ef18f20 ef18f20 1
1c76 c55 || f979b2e f979b2e 1
312c be1 || f355bac f355bac 1
564a 660 || 22617c0 22617c0 1
2b02 cee || f7bf3dc f7bf3dc 1
48dd 8f5 || dfed381 dfed381 1
2cc3 33e || 091203a 091203a 1
c8c0 b7a || 0f9eb80 0f9eb80 1
22c0 089 || 01298c0 01298c0 1
465e 0bd || 033f366 033f366 1
3874 2b0 || 097b7c0 097b7c0 1
a3c2 3a9 || eae6112 eae6112 1
ea5f 477 || f9f6e29 f9f6e29 1
9ce1 52c || dff5bac dff5bac 1
4e7a b33 || e87404e e87404e 1
d631 2e8 || f867e68 f867e68 1
a289 472 || e608502 e608502 1
4c41 bca || ebee64a ebee64a 1
3656 1a7 || 059c81a 059c81a 1
8247 296 || ebae39a ebae39a 1
1f76 a78 || f51fb50 f51fb50 1
ff9f b63 || 001bf7d 001bf7d 1
e285 02c || ffaeedc ffaeedc 1
c819 51a || ee2cf8a ee2cf8a 1
c4b6 da8 || 08af570 08af570 1
3d47 920 || e5ab7e0 e5ab7e0 1
0cf6 5fa || 04d763c 04d763c 1
d1e1 863 || 15f2203 15f2203 1
7a23 751 || 37d9a13 37d9a13 1
d0d7 581 || efc6f57 efc6f57 1
457f a87 || e83abf9 e83abf9 1
bd1b 7fc || de9e394 de9e394 1
fe13 078 || fff18e8 fff18e8 1
46db 4f4 || 15ef4bc 15ef4bc 1
e0dc f4a || 0162398 0162398 1
2784 e2d || fb7ea34 fb7ea34 1
2d79 51a || 0e7fb4a 0e7fb4a 1
6b43 678 || 2b5d968 2b5d968 1
35d4 e17 || f992e0c f992e0c 1
9d78 104 || f9bede0 f9bede0 1
ec2a b36 || 05efedc 05efedc 1
da04 dd2 || 052cb48 052cb48 1
4bc6 fa2 || fe42d4c fe42d4c 1
c061 778 || e24d478 e24d478 1
00c0 975 || ffb17c0 ffb17c0 1
2b39 f6a || fe6ac9a fe6ac9a 1
806d cf6 || 183b4be 183b4be 1
42eb e52 || f8f9946 f8f9946 1
44c4 f0a || fbdeba8 fbdeba8 1
a7d9 feb || 0073b33 0073b33 1
41ec e12 || f80ca98 f80ca98 1
4088 e64 || f982520 f982520 1
40b9 1ee || 07ce4fe 07ce4fe 1
18be f2a || feb512c feb512c 1
ec0a 648 || f829ed0 f829ed0 1
2a38 651 || 10aabb8 10aabb8 1
3dbd 6f8 || 1ae3d18 1ae3d18 1
df4e 5b2 || f45ca3c f45ca3c 1
dd00 f89 || 0104500 0104500 1
f95c 701 || fd17d5c fd17d5c 1
0152 73b || 0098be6 0098be6 1
254a 9ec || f1d5a38 f1d5a38 1
2374 4f0 || 0af0cc0 0af0cc0 1
d5b8 686 || eec2e50 eec2e50 1
3018 745 || 15d9e78 15d9e78 1
27cd 86c || ed2627c ed2627c 1
5b20 f0b || fa8ca60 fa8ca60 1
2965 60e || 0faa186 0faa186 1
51e5 3fc || 1464c6c 1464c6c 1
8af3 869 || 37865ab 37865ab 1
0258 643 || 00ead08 00ead08 1
351b b08 || ef821d8 ef821d8 1
8066 246 || edde7e4 edde7e4 1
7600 046 || 0204400 0204400 1
15d1 944 || f6d1484 f6d1484 1
c548 645 || e8fdc68 e8fdc68 1
3eab ace || eba6b9a eba6b9a 1
212b 6ab || 0dd29b9 0dd29b9 1
0a03 bbe || fd55f3a fd55f3a 1
499b 229 || 09effd3 09effd3 1
fa3c 4fd || fe33d4c fe33d4c 1
d96a b9f || 0a8f6d6 0a8f6d6 1
7895 629 || 2e6cddd 2e6cddd 1
d0d3 66d || ed0dbd7 ed0dbd7 1
3ac4 fdd || ff7f734 ff7f734 1
b9f9 78e || deef71e deef71e 1
619a 5ab || 22933de 22933de 1
9ffd 7b9 || d1a88d5 d1a88d5 1
a9c3 1f9 || f55e1ab f55e1ab 1
26b1 ace || f36fc6e f36fc6e 1
6cdb b83 || e176d11 e176d11 1
686d 6a2 || 2b4a2fa 2b4a2fa 1
3587 f5e || fde2092 fde2092 1
f818 472 || fdcdab0 fdcdab0 1
c6fa 08d || fe097b2 fe097b2 1
235d aa4 || f427994 f427994 1
3bb7 0e9 || 036598f 036598f 1
94ef 60b || d790045 d790045 1
6d61 ac2 || dc29d82 dc29d82 1
